  pch.cpp
  dllmain.cpp
C:\Users\benas\OneDrive\Desktop\Darbai\Obj\Dll_Test\Dll1\Dll1\Dll.h(186,25): warning C4267: 'return': conversion from 'size_t' to 'int', possible loss of data
C:\Users\benas\OneDrive\Desktop\Darbai\Obj\Dll_Test\Dll1\Dll1\Dll.h(208,29): warning C4267: 'return': conversion from 'size_t' to 'int', possible loss of data
C:\Users\benas\OneDrive\Desktop\Darbai\Obj\Dll_Test\Dll1\Dll1\dllmain.cpp(5,58): warning C4273: 'generavimas': inconsistent dll linkage
C:\Users\benas\OneDrive\Desktop\Darbai\Obj\Dll_Test\Dll1\Dll1\Dll.h(319,14): message : see previous definition of 'generavimas'
C:\Users\benas\OneDrive\Desktop\Darbai\Obj\Dll_Test\Dll1\Dll1\dllmain.cpp(83,27): warning C4273: 'numeris': inconsistent dll linkage
C:\Users\benas\OneDrive\Desktop\Darbai\Obj\Dll_Test\Dll1\Dll1\Dll.h(292,14): message : see previous definition of 'numeris'
C:\Users\benas\OneDrive\Desktop\Darbai\Obj\Dll_Test\Dll1\Dll1\dllmain.cpp(100,58): warning C4273: 'lyginimas_1': inconsistent dll linkage
C:\Users\benas\OneDrive\Desktop\Darbai\Obj\Dll_Test\Dll1\Dll1\Dll.h(295,14): message : see previous definition of 'lyginimas_1'
C:\Users\benas\OneDrive\Desktop\Darbai\Obj\Dll_Test\Dll1\Dll1\dllmain.cpp(111,58): warning C4273: 'lyginimas_2': inconsistent dll linkage
C:\Users\benas\OneDrive\Desktop\Darbai\Obj\Dll_Test\Dll1\Dll1\Dll.h(298,14): message : see previous definition of 'lyginimas_2'
C:\Users\benas\OneDrive\Desktop\Darbai\Obj\Dll_Test\Dll1\Dll1\dllmain.cpp(122,58): warning C4273: 'lyginimas_3': inconsistent dll linkage
C:\Users\benas\OneDrive\Desktop\Darbai\Obj\Dll_Test\Dll1\Dll1\Dll.h(301,14): message : see previous definition of 'lyginimas_3'
C:\Users\benas\OneDrive\Desktop\Darbai\Obj\Dll_Test\Dll1\Dll1\dllmain.cpp(133,58): warning C4273: 'lyginimas_4': inconsistent dll linkage
C:\Users\benas\OneDrive\Desktop\Darbai\Obj\Dll_Test\Dll1\Dll1\Dll.h(304,14): message : see previous definition of 'lyginimas_4'
C:\Users\benas\OneDrive\Desktop\Darbai\Obj\Dll_Test\Dll1\Dll1\dllmain.cpp(145,43): warning C4273: 'atsitiktinis': inconsistent dll linkage
C:\Users\benas\OneDrive\Desktop\Darbai\Obj\Dll_Test\Dll1\Dll1\Dll.h(307,14): message : see previous definition of 'atsitiktinis'
C:\Users\benas\OneDrive\Desktop\Darbai\Obj\Dll_Test\Dll1\Dll1\dllmain.cpp(187,44): warning C4273: 'pild': inconsistent dll linkage
C:\Users\benas\OneDrive\Desktop\Darbai\Obj\Dll_Test\Dll1\Dll1\Dll.h(310,14): message : see previous definition of 'pild'
C:\Users\benas\OneDrive\Desktop\Darbai\Obj\Dll_Test\Dll1\Dll1\dllmain.cpp(269,64): warning C4273: 'pild_failas': inconsistent dll linkage
C:\Users\benas\OneDrive\Desktop\Darbai\Obj\Dll_Test\Dll1\Dll1\Dll.h(313,14): message : see previous definition of 'pild_failas'
C:\Users\benas\OneDrive\Desktop\Darbai\Obj\Dll_Test\Dll1\Dll1\dllmain.cpp(332,72): warning C4273: 'skirstymas': inconsistent dll linkage
C:\Users\benas\OneDrive\Desktop\Darbai\Obj\Dll_Test\Dll1\Dll1\Dll.h(322,14): message : see previous definition of 'skirstymas'
C:\Users\benas\OneDrive\Desktop\Darbai\Obj\Dll_Test\Dll1\Dll1\dllmain.cpp(352,73): warning C4273: 'spausd': inconsistent dll linkage
C:\Users\benas\OneDrive\Desktop\Darbai\Obj\Dll_Test\Dll1\Dll1\Dll.h(316,14): message : see previous definition of 'spausd'
     Creating library C:\Users\benas\OneDrive\Desktop\Darbai\Obj\Dll_Test\Dll1\x64\Debug\Dll1.lib and object C:\Users\benas\OneDrive\Desktop\Darbai\Obj\Dll_Test\Dll1\x64\Debug\Dll1.exp
  Dll1.vcxproj -> C:\Users\benas\OneDrive\Desktop\Darbai\Obj\Dll_Test\Dll1\x64\Debug\Dll1.dll
